<?xml version="1.0" encoding="UTF-8"?>
<!-- Generated by org.testng.reporters.JUnitReportReporter -->
<testsuite hostname="01LTP0053" name="com.ServiceNow.TestCases.ServiceNowLogin" tests="2" failures="0" timestamp="2 Jan 2017 06:42:58 GMT" time="258.147" errors="0">
  <testcase name="TC_001_ServiceNow_Login_TestCases" time="95.692" classname="com.ServiceNow.TestCases.ServiceNowLogin"/>
  <testcase name="incidentCreation" time="162.455" classname="com.ServiceNow.TestCases.ServiceNowLogin"/>
</testsuite> <!-- com.ServiceNow.TestCases.ServiceNowLogin -->
